<?xml version="1.0" encoding="UTF-8"?>
<!-- Generated by org.testng.reporters.JUnitReportReporter -->
<testsuite skipped="0" hostname="shubhagg-mac" name="qa.testcases.PlanVacationTest2" tests="2" failures="0" timestamp="2022-07-11T16:27:28 IST" time="16.556" errors="0">
  <testcase name="homePageTitleTest" time="3.128" classname="qa.testcases.PlanVacationTest2"/>
  <testcase name="clickplanvacation" time="13.428" classname="qa.testcases.PlanVacationTest2"/>
</testsuite> <!-- qa.testcases.PlanVacationTest2 -->
