<?xml version="1.0" encoding="UTF-8"?>
<!-- Generated by org.testng.reporters.JUnitReportReporter -->
<testsuite skipped="0" hostname="shubhagg-mac" name="qa.testcases.ExecuteTest" tests="4" failures="0" timestamp="2022-07-15T12:07:10 IST" time="37.453" errors="0">
  <testcase name="searchTest4" time="10.275" classname="qa.testcases.ExecuteTest"/>
  <testcase name="searchTest3" time="6.933" classname="qa.testcases.ExecuteTest"/>
  <testcase name="searchTest1" time="8.425" classname="qa.testcases.ExecuteTest"/>
  <testcase name="searchTest2" time="11.820" classname="qa.testcases.ExecuteTest"/>
</testsuite> <!-- qa.testcases.ExecuteTest -->
