<?xml version="1.0" encoding="UTF-8"?>
<!-- Generated by org.testng.reporters.JUnitReportReporter -->
<testsuite skipped="0" hostname="shubhagg-mac" name="qa.testcases.PlanVacationTest1" tests="2" failures="0" timestamp="2022-07-15T12:07:10 IST" time="21.269" errors="0">
  <testcase name="searchTest2" time="14.336" classname="qa.testcases.PlanVacationTest1"/>
  <testcase name="homePageTitleTest" time="6.933" classname="qa.testcases.PlanVacationTest1"/>
</testsuite> <!-- qa.testcases.PlanVacationTest1 -->
