<?xml version="1.0" encoding="UTF-8"?>
<!-- Generated by org.testng.reporters.JUnitReportReporter -->
<testsuite skipped="0" hostname="shubhagg-mac" name="qa.testcases.PlanVacationTest3" tests="2" failures="0" timestamp="2022-07-11T16:25:54 IST" time="19.140" errors="0">
  <testcase name="homePageTitleTest" time="5.048" classname="qa.testcases.PlanVacationTest3"/>
  <testcase name="clickplanvacation" time="14.092" classname="qa.testcases.PlanVacationTest3"/>
</testsuite> <!-- qa.testcases.PlanVacationTest3 -->
